<?xml version="1.0" encoding="UTF-8"?>
<!-- Generated by org.testng.reporters.JUnitXMLReporter -->
<testsuite hostname="DESKTOP-ICBR68V" ignored="0" name="1" tests="5" failures="1" timestamp="16 Feb 2018 12:11:28 GMT" time="98.394" errors="0">
  <testcase name="searchEmployeeForSetupOtherPaymentDeduction" time="40.672" classname="com.test.xcdhr.Core_HR_Sence_Check.AddOherPaymentOrDeduction.TC001_AddOtherPaymentOrDeductionBenefitTypeAllowance"/>
  <testcase name="clickOnSearchedEmployeeAndVerifyRewardTab" time="11.735" classname="com.test.xcdhr.Core_HR_Sence_Check.AddOherPaymentOrDeduction.TC001_AddOtherPaymentOrDeductionBenefitTypeAllowance"/>
  <testcase name="verifyAddOtherPaymentDeductionButton" time="4.491" classname="com.test.xcdhr.Core_HR_Sence_Check.AddOherPaymentOrDeduction.TC001_AddOtherPaymentOrDeductionBenefitTypeAllowance"/>
  <testcase name="VerifyAndSetupOtherPaymentDeduction" time="32.486" classname="com.test.xcdhr.Core_HR_Sence_Check.AddOherPaymentOrDeduction.TC001_AddOtherPaymentOrDeductionBenefitTypeAllowance"/>
  <testcase name="closeBroswe" time="1.507" classname="com.test.xcdhr.Core_HR_Sence_Check.AddOherPaymentOrDeduction.TC001_AddOtherPaymentOrDeductionBenefitTypeAllowance">
    <failure type="org.openqa.selenium.remote.UnreachableBrowserException" message="Error communicating with the remote browser. It may have died.
Build info: version: &amp;apos;3.0.1&amp;apos;, revision: &amp;apos;1969d75&amp;apos;, time: &amp;apos;2016-10-18 09:49:13 -0700&amp;apos;
System info: host: &amp;apos;DESKTOP-ICBR68V&amp;apos;, ip: &amp;apos;192.168.1.134&amp;apos;, os.name: &amp;apos;Windows 10&amp;apos;, os.arch: &amp;apos;amd64&amp;apos;, os.version: &amp;apos;10.0&amp;apos;, java.version: &amp;apos;1.8.0_151&amp;apos;
Driver info: driver.version: RemoteWebDriver
Capabilities [{applicationCacheEnabled=true, rotatable=false, handlesAlerts=true, databaseEnabled=true, version=45.0.2, platform=WINDOWS, nativeEvents=false, acceptSslCerts=true, webStorageEnabled=true, locationContextEnabled=true, browserName=firefox, takesScreenshot=true, javascriptEnabled=true, cssSelectorsEnabled=true}]
Session ID: 105de463-978a-4103-a956-907b325735f5">
      <![CDATA[org.openqa.selenium.remote.UnreachableBrowserException: Error communicating with the remote browser. It may have died.Build info: version: '3.0.1', revision: '1969d75', time: '2016-10-18 09:49:13 -0700'System info: host: 'DESKTOP-ICBR68V', ip: '192.168.1.134', os.name: 'Windows 10', os.arch: 'amd64', os.version: '10.0', java.version: '1.8.0_151'Driver info: driver.version: RemoteWebDriverCapabilities [{applicationCacheEnabled=true, rotatable=false, handlesAlerts=true, databaseEnabled=true, version=45.0.2, platform=WINDOWS, nativeEvents=false, acceptSslCerts=true, webStorageEnabled=true, locationContextEnabled=true, browserName=firefox, takesScreenshot=true, javascriptEnabled=true, cssSelectorsEnabled=true}]Session ID: 105de463-978a-4103-a956-907b325735f5at org.openqa.selenium.remote.RemoteWebDriver.execute(RemoteWebDriver.java:622)at org.openqa.selenium.remote.RemoteWebDriver.execute(RemoteWebDriver.java:658)at org.openqa.selenium.remote.RemoteWebDriver.quit(RemoteWebDriver.java:497)at com.test.xcdhr.Core_HR_Sence_Check.AddOherPaymentOrDeduction.TC001_AddOtherPaymentOrDeductionBenefitTypeAllowance.closeBroswe(TC001_AddOtherPaymentOrDeductionBenefitTypeAllowance.java:107)Caused by: org.apache.http.conn.HttpHostConnectException: Connect to 127.0.0.1:7056 [/127.0.0.1] failed: Connection refused: connectat org.apache.http.impl.conn.DefaultHttpClientConnectionOperator.connect(DefaultHttpClientConnectionOperator.java:158)at org.apache.http.impl.conn.PoolingHttpClientConnectionManager.connect(PoolingHttpClientConnectionManager.java:353)at org.apache.http.impl.execchain.MainClientExec.establishRoute(MainClientExec.java:380)at org.apache.http.impl.execchain.MainClientExec.execute(MainClientExec.java:236)at org.apache.http.impl.execchain.ProtocolExec.execute(ProtocolExec.java:184)at org.apache.http.impl.execchain.RetryExec.execute(RetryExec.java:88)at org.apache.http.impl.execchain.RedirectExec.execute(RedirectExec.java:110)at org.apache.http.impl.client.InternalHttpClient.doExecute(InternalHttpClient.java:184)at org.apache.http.impl.client.CloseableHttpClient.execute(CloseableHttpClient.java:71)at org.apache.http.impl.client.CloseableHttpClient.execute(CloseableHttpClient.java:55)at org.openqa.selenium.remote.internal.ApacheHttpClient.fallBackExecute(ApacheHttpClient.java:142)at org.openqa.selenium.remote.internal.ApacheHttpClient.execute(ApacheHttpClient.java:88)at org.openqa.selenium.remote.HttpCommandExecutor.execute(HttpCommandExecutor.java:160)at org.openqa.selenium.firefox.internal.NewProfileExtensionConnection.execute(NewProfileExtensionConnection.java:160)at org.openqa.selenium.firefox.FirefoxDriver$LazyCommandExecutor.execute(FirefoxDriver.java:467)at org.openqa.selenium.remote.RemoteWebDriver.execute(RemoteWebDriver.java:601)... 28 moreCaused by: java.net.ConnectException: Connection refused: connectat java.net.DualStackPlainSocketImpl.waitForConnect(Native Method)at java.net.DualStackPlainSocketImpl.socketConnect(Unknown Source)at java.net.AbstractPlainSocketImpl.doConnect(Unknown Source)at java.net.AbstractPlainSocketImpl.connectToAddress(Unknown Source)at java.net.AbstractPlainSocketImpl.connect(Unknown Source)at java.net.PlainSocketImpl.connect(Unknown Source)at java.net.SocksSocketImpl.connect(Unknown Source)at java.net.Socket.connect(Unknown Source)at org.apache.http.conn.socket.PlainConnectionSocketFactory.connectSocket(PlainConnectionSocketFactory.java:74)at org.apache.http.impl.conn.DefaultHttpClientConnectionOperator.connect(DefaultHttpClientConnectionOperator.java:141)... 43 more... Removed 25 stack frames]]>
    </failure>
  </testcase> <!-- closeBroswe -->
</testsuite> <!-- 1 -->
