<?xml version="1.0" encoding="UTF-8"?>
<!-- Generated by org.testng.reporters.JUnitXMLReporter -->
<testsuite hostname="DESKTOP-ICBR68V" ignored="0" name="2" tests="6" failures="0" timestamp="16 Feb 2018 06:15:55 GMT" time="64.621" errors="0">
  <testcase name="searchEmployeeRecord" time="43.218" classname="com.test.xcdhr.Core_HR_Sence_Check.AddOherPaymentOrDeduction.TC001_VerifyOtherPaymentOrDeductionBenefitTypeAllowance"/>
  <testcase name="clickOnSearchedEmployeeAndRewardTab" time="12.706" classname="com.test.xcdhr.Core_HR_Sence_Check.AddOherPaymentOrDeduction.TC001_VerifyOtherPaymentOrDeductionBenefitTypeAllowance"/>
  <testcase name="verifyOtherPaymentDeductionAndClicked" time="1.4" classname="com.test.xcdhr.Core_HR_Sence_Check.AddOherPaymentOrDeduction.TC001_VerifyOtherPaymentOrDeductionBenefitTypeAllowance"/>
  <testcase name="verifyRegularPaymentAmount" time="0.237" classname="com.test.xcdhr.Core_HR_Sence_Check.AddOherPaymentOrDeduction.TC001_VerifyOtherPaymentOrDeductionBenefitTypeAllowance"/>
  <testcase name="verifyAnnualBenefit" time="0.024" classname="com.test.xcdhr.Core_HR_Sence_Check.AddOherPaymentOrDeduction.TC001_VerifyOtherPaymentOrDeductionBenefitTypeAllowance"/>
  <testcase name="closeBroswe" time="0.424" classname="com.test.xcdhr.Core_HR_Sence_Check.AddOherPaymentOrDeduction.TC001_VerifyOtherPaymentOrDeductionBenefitTypeAllowance"/>
</testsuite> <!-- 2 -->
