<?xml version="1.0" encoding="UTF-8"?>
<!-- Generated by org.testng.reporters.JUnitXMLReporter -->
<testsuite hostname="DESKTOP-ICBR68V" ignored="0" name="3" tests="5" failures="0" timestamp="16 Feb 2018 06:17:37 GMT" time="102.47" errors="0">
  <testcase name="searchEmployeeForSetupOtherPaymentDeduction" time="43.814" classname="com.test.xcdhr.Core_HR_Sence_Check.AddOherPaymentOrDeduction.TC002_AddOtherPaymentOrDeductionBenefitTypeBenefit"/>
  <testcase name="clickOnSearchedEmployeeAndVerifyRewardTab" time="11.863" classname="com.test.xcdhr.Core_HR_Sence_Check.AddOherPaymentOrDeduction.TC002_AddOtherPaymentOrDeductionBenefitTypeBenefit"/>
  <testcase name="verifyAddOtherPaymentDeductionButton" time="4.602" classname="com.test.xcdhr.Core_HR_Sence_Check.AddOherPaymentOrDeduction.TC002_AddOtherPaymentOrDeductionBenefitTypeBenefit"/>
  <testcase name="VerifyAndSetupOtherPaymentDeduction" time="36.043" classname="com.test.xcdhr.Core_HR_Sence_Check.AddOherPaymentOrDeduction.TC002_AddOtherPaymentOrDeductionBenefitTypeBenefit"/>
  <testcase name="closeBroswe" time="0.424" classname="com.test.xcdhr.Core_HR_Sence_Check.AddOherPaymentOrDeduction.TC002_AddOtherPaymentOrDeductionBenefitTypeBenefit"/>
</testsuite> <!-- 3 -->
