<?xml version="1.0" encoding="UTF-8"?>
<!-- Generated by org.testng.reporters.JUnitXMLReporter -->
<testsuite hostname="DESKTOP-ICBR68V" ignored="0" name="4" tests="5" failures="0" timestamp="16 Feb 2018 06:19:04 GMT" time="86.948" errors="0">
  <testcase name="searchEmployeeRecord" time="45.657" classname="com.test.xcdhr.Core_HR_Sence_Check.AddOherPaymentOrDeduction.TC002_VerifyOtherPaymentOrDeductionBenefitTypeBenefit"/>
  <testcase name="clickOnSearchedEmployeeAndRewardTab" time="22.378" classname="com.test.xcdhr.Core_HR_Sence_Check.AddOherPaymentOrDeduction.TC002_VerifyOtherPaymentOrDeductionBenefitTypeBenefit"/>
  <testcase name="verifyOtherPaymentDeductionAndClicked" time="9.537" classname="com.test.xcdhr.Core_HR_Sence_Check.AddOherPaymentOrDeduction.TC002_VerifyOtherPaymentOrDeductionBenefitTypeBenefit"/>
  <testcase name="verifyTotalAnnualContribution" time="2.333" classname="com.test.xcdhr.Core_HR_Sence_Check.AddOherPaymentOrDeduction.TC002_VerifyOtherPaymentOrDeductionBenefitTypeBenefit"/>
  <testcase name="closeBroswe" time="0.428" classname="com.test.xcdhr.Core_HR_Sence_Check.AddOherPaymentOrDeduction.TC002_VerifyOtherPaymentOrDeductionBenefitTypeBenefit"/>
</testsuite> <!-- 4 -->
