<?xml version="1.0" encoding="UTF-8"?>
<!-- Generated by org.testng.reporters.JUnitXMLReporter -->
<testsuite hostname="DESKTOP-ICBR68V" ignored="0" name="5" tests="5" failures="0" timestamp="16 Feb 2018 06:21:05 GMT" time="121.325" errors="0">
  <testcase name="searchEmployeeForSetupOtherPaymentDeduction" time="55.526" classname="com.test.xcdhr.Core_HR_Sence_Check.AddOherPaymentOrDeduction.TC003_AddOtherPaymentOrDeductionBenefitTypeDeduction"/>
  <testcase name="clickOnSearchedEmployeeAndVerifyRewardTab" time="22.339" classname="com.test.xcdhr.Core_HR_Sence_Check.AddOherPaymentOrDeduction.TC003_AddOtherPaymentOrDeductionBenefitTypeDeduction"/>
  <testcase name="verifyAddOtherPaymentDeductionButton" time="5.035" classname="com.test.xcdhr.Core_HR_Sence_Check.AddOherPaymentOrDeduction.TC003_AddOtherPaymentOrDeductionBenefitTypeDeduction"/>
  <testcase name="setupOtherPaymentDeductionForDeduction" time="32.023" classname="com.test.xcdhr.Core_HR_Sence_Check.AddOherPaymentOrDeduction.TC003_AddOtherPaymentOrDeductionBenefitTypeDeduction"/>
  <testcase name="closeBroswe" time="0.48" classname="com.test.xcdhr.Core_HR_Sence_Check.AddOherPaymentOrDeduction.TC003_AddOtherPaymentOrDeductionBenefitTypeDeduction"/>
</testsuite> <!-- 5 -->
