<?xml version="1.0" encoding="UTF-8"?>
<!-- Generated by org.testng.reporters.JUnitXMLReporter -->
<testsuite hostname="DESKTOP-ICBR68V" ignored="0" name="6" tests="5" failures="0" timestamp="16 Feb 2018 06:22:12 GMT" time="66.298" errors="0">
  <testcase name="searchEmployeeRecord" time="41.28" classname="com.test.xcdhr.Core_HR_Sence_Check.AddOherPaymentOrDeduction.TC003_VerifyOtherPaymentOrDeductionBenefitTypeDeduction"/>
  <testcase name="clickOnSearchedEmployeeAndRewardTab" time="11.609" classname="com.test.xcdhr.Core_HR_Sence_Check.AddOherPaymentOrDeduction.TC003_VerifyOtherPaymentOrDeductionBenefitTypeDeduction"/>
  <testcase name="verifyOtherPaymentDeductionAndClicked" time="0.168" classname="com.test.xcdhr.Core_HR_Sence_Check.AddOherPaymentOrDeduction.TC003_VerifyOtherPaymentOrDeductionBenefitTypeDeduction"/>
  <testcase name="verifyRegularPaymentAmount" time="1.795" classname="com.test.xcdhr.Core_HR_Sence_Check.AddOherPaymentOrDeduction.TC003_VerifyOtherPaymentOrDeductionBenefitTypeDeduction"/>
  <testcase name="closeBroswe" time="0.404" classname="com.test.xcdhr.Core_HR_Sence_Check.AddOherPaymentOrDeduction.TC003_VerifyOtherPaymentOrDeductionBenefitTypeDeduction"/>
</testsuite> <!-- 6 -->
