<?xml version="1.0" encoding="UTF-8"?>
<!-- Generated by org.testng.reporters.JUnitXMLReporter -->
<testsuite hostname="DESKTOP-ICBR68V" ignored="0" name="Verify other payment or deduction where benefit type is benefit" tests="5" failures="1" timestamp="05 Mar 2018 13:03:21 GMT" time="111.525" errors="0">
  <testcase name="searchEmployeeRecord" time="48.269" classname="com.test.xcdhr.Core_HR_Sence_Check.AddOherPaymentOrDeduction.TC002_VerifyOtherPaymentOrDeductionBenefitTypeBenefit"/>
  <testcase name="clickOnSearchedEmployeeAndRewardTab" time="24.042" classname="com.test.xcdhr.Core_HR_Sence_Check.AddOherPaymentOrDeduction.TC002_VerifyOtherPaymentOrDeductionBenefitTypeBenefit"/>
  <testcase name="verifyOtherPaymentDeductionAndClicked" time="30.077" classname="com.test.xcdhr.Core_HR_Sence_Check.AddOherPaymentOrDeduction.TC002_VerifyOtherPaymentOrDeductionBenefitTypeBenefit">
    <failure type="java.lang.AssertionError" message="expected [true] but found [false]">
      <![CDATA[java.lang.AssertionError: expected [true] but found [false]
at com.test.xcdhr.Core_HR_Sence_Check.AddOherPaymentOrDeduction.TC002_VerifyOtherPaymentOrDeductionBenefitTypeBenefit.verifyOtherPaymentDeductionAndClicked(TC002_VerifyOtherPaymentOrDeductionBenefitTypeBenefit.java:78)
... Removed 31 stack frames]]>
    </failure>
  </testcase> <!-- verifyOtherPaymentDeductionAndClicked -->
  <testcase name="verifyTotalAnnualContribution" time="0.0" classname="com.test.xcdhr.Core_HR_Sence_Check.AddOherPaymentOrDeduction.TC002_VerifyOtherPaymentOrDeductionBenefitTypeBenefit">
    <skipped/>
  </testcase> <!-- verifyTotalAnnualContribution -->
  <testcase name="closeBroswe" time="0.0" classname="com.test.xcdhr.Core_HR_Sence_Check.AddOherPaymentOrDeduction.TC002_VerifyOtherPaymentOrDeductionBenefitTypeBenefit">
    <skipped/>
  </testcase> <!-- closeBroswe -->
</testsuite> <!-- Verify other payment or deduction where benefit type is benefit -->
