<?xml version="1.0" encoding="UTF-8"?>
<!-- Generated by org.testng.reporters.JUnitXMLReporter -->
<testsuite hostname="DESKTOP-ICBR68V" ignored="0" name="1" tests="3" failures="0" timestamp="20 Feb 2018 07:55:56 GMT" time="83.049" errors="0">
  <testcase name="searchEmployeeForSetupOtherPaymentDeduction" time="44.89" classname="com.test.xcdhr.Core_HR_Sence_Check.ProcessLeaver.TC001_ProcessLeaver"/>
  <testcase name="clickOnSearchedEmployeeAndVerifyLeaverButton" time="7.71" classname="com.test.xcdhr.Core_HR_Sence_Check.ProcessLeaver.TC001_ProcessLeaver"/>
  <testcase name="VerifyAndProcessLeaver" time="23.997" classname="com.test.xcdhr.Core_HR_Sence_Check.ProcessLeaver.TC001_ProcessLeaver"/>
</testsuite> <!-- 1 -->
