<?xml version="1.0" encoding="UTF-8"?>
<!-- Generated by org.testng.reporters.JUnitXMLReporter -->
<testsuite hostname="DESKTOP-ICBR68V" ignored="0" name="2" tests="4" failures="0" timestamp="20 Feb 2018 07:56:55 GMT" time="58.051" errors="0">
  <testcase name="searchLeaverEmployee" time="44.257" classname="com.test.xcdhr.Core_HR_Sence_Check.ProcessLeaver.TC001_VerifyProcessLeaver"/>
  <testcase name="clickLeaverAndverifyLeaverSection" time="8.487" classname="com.test.xcdhr.Core_HR_Sence_Check.ProcessLeaver.TC001_VerifyProcessLeaver"/>
  <testcase name="verifyLeavingDate" time="0.035" classname="com.test.xcdhr.Core_HR_Sence_Check.ProcessLeaver.TC001_VerifyProcessLeaver"/>
  <testcase name="verifyLastWorkingDate" time="0.037" classname="com.test.xcdhr.Core_HR_Sence_Check.ProcessLeaver.TC001_VerifyProcessLeaver"/>
</testsuite> <!-- 2 -->
