<?xml version="1.0" encoding="UTF-8"?>
<!-- Generated by org.testng.reporters.JUnitXMLReporter -->
<testsuite hostname="DESKTOP-ICBR68V" ignored="0" name="Annual leave booking for days worker" tests="2" failures="1" timestamp="19 Mar 2018 06:14:45 GMT" time="58.339" errors="0">
  <testcase name="loginAndClickMyDetail" time="19.68" classname="com.test.xcdhr.Core_HR_Sense_Check.HrEmployeeLeaveBooking.TC001_BookAnnualLeaveForDaysWorkerAndVerify"/>
  <testcase name="setupLrAndSubmit" time="27.588" classname="com.test.xcdhr.Core_HR_Sense_Check.HrEmployeeLeaveBooking.TC001_BookAnnualLeaveForDaysWorkerAndVerify">
    <failure type="org.openqa.selenium.NoSuchElementException" message="Cannot locate option with value: Annual leave
For documentation on this error, please visit: http://seleniumhq.org/exceptions/no_such_element.html
Build info: version: &amp;apos;3.0.1&amp;apos;, revision: &amp;apos;1969d75&amp;apos;, time: &amp;apos;2016-10-18 09:49:13 -0700&amp;apos;
System info: host: &amp;apos;DESKTOP-ICBR68V&amp;apos;, ip: &amp;apos;192.168.1.130&amp;apos;, os.name: &amp;apos;Windows 10&amp;apos;, os.arch: &amp;apos;amd64&amp;apos;, os.version: &amp;apos;10.0&amp;apos;, java.version: &amp;apos;1.8.0_151&amp;apos;
Driver info: driver.version: unknown">
      <![CDATA[org.openqa.selenium.NoSuchElementException: Cannot locate option with value: Annual leave
For documentation on this error, please visit: http://seleniumhq.org/exceptions/no_such_element.html
Build info: version: '3.0.1', revision: '1969d75', time: '2016-10-18 09:49:13 -0700'
System info: host: 'DESKTOP-ICBR68V', ip: '192.168.1.130', os.name: 'Windows 10', os.arch: 'amd64', os.version: '10.0', java.version: '1.8.0_151'
Driver info: driver.version: unknown
at org.openqa.selenium.support.ui.Select.selectByValue(Select.java:209)
at com.test.xcdhr.Core_Sence_Check.uiActions.LeaveBookingForHrEmployeePage.setupLeaveRequestAndSubmit(LeaveBookingForHrEmployeePage.java:138)
at com.test.xcdhr.Core_HR_Sense_Check.HrEmployeeLeaveBooking.TC001_BookAnnualLeaveForDaysWorkerAndVerify.setupLrAndSubmit(TC001_BookAnnualLeaveForDaysWorkerAndVerify.java:71)
... Removed 25 stack frames]]>
    </failure>
  </testcase> <!-- setupLrAndSubmit -->
</testsuite> <!-- Annual leave booking for days worker -->
