<?xml version="1.0" encoding="UTF-8"?>
<!-- Generated by org.testng.reporters.JUnitXMLReporter -->
<testsuite hostname="DESKTOP-ICBR68V" ignored="0" name="1" tests="4" failures="0" timestamp="16 Feb 2018 11:54:05 GMT" time="118.195" errors="0">
  <testcase name="searchEmployeeForSetupOtherPaymentDeduction" time="53.992" classname="com.test.xcdhr.Core_HR_Sence_Check.AddAward.TC001_AddAwardWithAwardTypeBonus"/>
  <testcase name="clickOnSearchedEmployeeAndVerifyRewardTab" time="11.963" classname="com.test.xcdhr.Core_HR_Sence_Check.AddAward.TC001_AddAwardWithAwardTypeBonus"/>
  <testcase name="verifyAwardButton" time="8.821" classname="com.test.xcdhr.Core_HR_Sence_Check.AddAward.TC001_AddAwardWithAwardTypeBonus"/>
  <testcase name="VerifyAndSetupAward" time="35.543" classname="com.test.xcdhr.Core_HR_Sence_Check.AddAward.TC001_AddAwardWithAwardTypeBonus"/>
</testsuite> <!-- 1 -->
