<?xml version="1.0" encoding="UTF-8"?>
<!-- Generated by org.testng.reporters.JUnitXMLReporter -->
<testsuite hostname="DESKTOP-ICBR68V" ignored="0" name="2" tests="5" failures="0" timestamp="16 Feb 2018 11:55:26 GMT" time="80.621" errors="0">
  <testcase name="searchEmployeeRecord" time="49.767" classname="com.test.xcdhr.Core_HR_Sence_Check.AddAward.TC001_VerifyAwardWithAwardTypeBonus"/>
  <testcase name="clickOnSearchedEmployeeAndRewardTab" time="14.174" classname="com.test.xcdhr.Core_HR_Sence_Check.AddAward.TC001_VerifyAwardWithAwardTypeBonus"/>
  <testcase name="verifyAwardAndClicked" time="7.184" classname="com.test.xcdhr.Core_HR_Sence_Check.AddAward.TC001_VerifyAwardWithAwardTypeBonus"/>
  <testcase name="verifyPaymentAmount" time="0.722" classname="com.test.xcdhr.Core_HR_Sence_Check.AddAward.TC001_VerifyAwardWithAwardTypeBonus"/>
  <testcase name="verifyRecordType" time="0.714" classname="com.test.xcdhr.Core_HR_Sence_Check.AddAward.TC001_VerifyAwardWithAwardTypeBonus"/>
</testsuite> <!-- 2 -->
