<?xml version="1.0" encoding="UTF-8"?>
<!-- Generated by org.testng.reporters.JUnitXMLReporter -->
<testsuite hostname="DESKTOP-ICBR68V" ignored="0" name="3" tests="4" failures="0" timestamp="16 Feb 2018 11:57:32 GMT" time="126.121" errors="0">
  <testcase name="searchEmployeeForSetupOtherPaymentDeduction" time="51.583" classname="com.test.xcdhr.Core_HR_Sence_Check.AddAward.TC002_AddAwardWithAwardTypeCommission"/>
  <testcase name="clickOnSearchedEmployeeAndVerifyRewardTab" time="14.683" classname="com.test.xcdhr.Core_HR_Sence_Check.AddAward.TC002_AddAwardWithAwardTypeCommission"/>
  <testcase name="verifyAwardButton" time="8.888" classname="com.test.xcdhr.Core_HR_Sence_Check.AddAward.TC002_AddAwardWithAwardTypeCommission"/>
  <testcase name="VerifyAndSetupAward" time="41.316" classname="com.test.xcdhr.Core_HR_Sence_Check.AddAward.TC002_AddAwardWithAwardTypeCommission"/>
</testsuite> <!-- 3 -->
