<?xml version="1.0" encoding="UTF-8"?>
<!-- Generated by org.testng.reporters.JUnitXMLReporter -->
<testsuite hostname="DESKTOP-ICBR68V" ignored="0" name="4" tests="5" failures="0" timestamp="16 Feb 2018 12:33:03 GMT" time="69.803" errors="0">
  <testcase name="searchEmployeeRecord" time="40.611" classname="com.test.xcdhr.Core_HR_Sence_Check.AddAward.TC002_VerifyAwardWithAwardTypeCommission"/>
  <testcase name="clickOnSearchedEmployeeAndRewardTab" time="9.76" classname="com.test.xcdhr.Core_HR_Sence_Check.AddAward.TC002_VerifyAwardWithAwardTypeCommission"/>
  <testcase name="verifyAwardAndClicked" time="6.703" classname="com.test.xcdhr.Core_HR_Sence_Check.AddAward.TC002_VerifyAwardWithAwardTypeCommission"/>
  <testcase name="verifyPaymentAmount" time="0.308" classname="com.test.xcdhr.Core_HR_Sence_Check.AddAward.TC002_VerifyAwardWithAwardTypeCommission"/>
  <testcase name="verifyRecordType" time="4.846" classname="com.test.xcdhr.Core_HR_Sence_Check.AddAward.TC002_VerifyAwardWithAwardTypeCommission"/>
</testsuite> <!-- 4 -->
