<?xml version="1.0" encoding="UTF-8"?>
<!-- Generated by org.testng.reporters.JUnitXMLReporter -->
<testsuite hostname="DESKTOP-ICBR68V" ignored="0" name="Add award where award type is bonus" tests="4" failures="1" timestamp="19 Mar 2018 09:16:38 GMT" time="46.441" errors="0">
  <testcase name="searchEmployeeForSetupOtherPaymentDeduction" time="23.55" classname="com.test.xcdhr.Core_HR_Sense_Check.AddAward.TC001_AddAwardWithAwardTypeBonus"/>
  <testcase name="clickOnSearchedEmployeeAndVerifyRewardTab" time="12.845" classname="com.test.xcdhr.Core_HR_Sense_Check.AddAward.TC001_AddAwardWithAwardTypeBonus">
    <failure type="java.lang.AssertionError" message="expected [true] but found [false]">
      <![CDATA[java.lang.AssertionError: expected [true] but found [false]
at com.test.xcdhr.Core_HR_Sense_Check.AddAward.TC001_AddAwardWithAwardTypeBonus.clickOnSearchedEmployeeAndVerifyRewardTab(TC001_AddAwardWithAwardTypeBonus.java:67)
... Removed 31 stack frames]]>
    </failure>
  </testcase> <!-- clickOnSearchedEmployeeAndVerifyRewardTab -->
  <testcase name="verifyAwardButton" time="0.0" classname="com.test.xcdhr.Core_HR_Sense_Check.AddAward.TC001_AddAwardWithAwardTypeBonus">
    <skipped/>
  </testcase> <!-- verifyAwardButton -->
  <testcase name="VerifyAndSetupAward" time="0.0" classname="com.test.xcdhr.Core_HR_Sense_Check.AddAward.TC001_AddAwardWithAwardTypeBonus">
    <skipped/>
  </testcase> <!-- VerifyAndSetupAward -->
</testsuite> <!-- Add award where award type is bonus -->
