<?xml version="1.0" encoding="UTF-8"?>
<!-- Generated by org.testng.reporters.JUnitXMLReporter -->
<testsuite hostname="DESKTOP-ICBR68V" ignored="0" name="Verify award where award type is commission" tests="5" failures="1" timestamp="07 Mar 2018 09:56:00 GMT" time="61.104" errors="0">
  <testcase name="searchEmployeeRecord" time="38.945" classname="com.test.xcdhr.Core_HR_Sence_Check.AddAward.TC002_VerifyAwardWithAwardTypeCommission"/>
  <testcase name="clickOnSearchedEmployeeAndRewardTab" time="8.521" classname="com.test.xcdhr.Core_HR_Sence_Check.AddAward.TC002_VerifyAwardWithAwardTypeCommission"/>
  <testcase name="verifyAwardAndClicked" time="4.607" classname="com.test.xcdhr.Core_HR_Sence_Check.AddAward.TC002_VerifyAwardWithAwardTypeCommission"/>
  <testcase name="verifyPaymentAmount" time="0.022" classname="com.test.xcdhr.Core_HR_Sence_Check.AddAward.TC002_VerifyAwardWithAwardTypeCommission">
    <failure type="java.lang.AssertionError" message="expected [GBP 3,000.00] but found [GBP 2,000.00]">
      <![CDATA[java.lang.AssertionError: expected [GBP 3,000.00] but found [GBP 2,000.00]
at com.test.xcdhr.Core_HR_Sence_Check.AddAward.TC002_VerifyAwardWithAwardTypeCommission.verifyPaymentAmount(TC002_VerifyAwardWithAwardTypeCommission.java:94)
... Removed 31 stack frames]]>
    </failure>
  </testcase> <!-- verifyPaymentAmount -->
  <testcase name="verifyRecordType" time="0.0" classname="com.test.xcdhr.Core_HR_Sence_Check.AddAward.TC002_VerifyAwardWithAwardTypeCommission">
    <skipped/>
  </testcase> <!-- verifyRecordType -->
</testsuite> <!-- Verify award where award type is commission -->
