<?xml version="1.0" encoding="UTF-8"?>
<!-- Generated by org.testng.reporters.JUnitXMLReporter -->
<testsuite hostname="DESKTOP-ICBR68V" ignored="0" name="1" tests="4" failures="0" timestamp="14 Feb 2018 13:18:21 GMT" time="93.822" errors="0">
  <testcase name="searchCreatedEmployeeForChangeJR" time="43.867" classname="com.test.xcdhr.Core_HR_Sence_Check.AddOneOffPensionContribution.TC001_AddOneOffPensionContribution"/>
  <testcase name="clickOnSearchedEmployeeAndVerifyRewardTab" time="13.483" classname="com.test.xcdhr.Core_HR_Sence_Check.AddOneOffPensionContribution.TC001_AddOneOffPensionContribution"/>
  <testcase name="verifyAddOneffPensionCOntributionButton" time="4.481" classname="com.test.xcdhr.Core_HR_Sence_Check.AddOneOffPensionContribution.TC001_AddOneOffPensionContribution"/>
  <testcase name="VerifyAndSetupOneOffPensionContribution" time="24.938" classname="com.test.xcdhr.Core_HR_Sence_Check.AddOneOffPensionContribution.TC001_AddOneOffPensionContribution"/>
</testsuite> <!-- 1 -->
