<?xml version="1.0" encoding="UTF-8"?>
<!-- Generated by org.testng.reporters.JUnitXMLReporter -->
<testsuite hostname="DESKTOP-ICBR68V" ignored="0" name="2" tests="5" failures="0" timestamp="14 Feb 2018 13:19:35 GMT" time="74.327" errors="0">
  <testcase name="searchEmployeeRecord" time="51.664" classname="com.test.xcdhr.Core_HR_Sence_Check.AddOneOffPensionContribution.TC001_VerifyAddOneOffPensionContribution"/>
  <testcase name="clickOnSearchedEmployeeAndRewardTab" time="13.562" classname="com.test.xcdhr.Core_HR_Sence_Check.AddOneOffPensionContribution.TC001_VerifyAddOneOffPensionContribution"/>
  <testcase name="verifyOneOffPensionContributionAndClicked" time="1.892" classname="com.test.xcdhr.Core_HR_Sence_Check.AddOneOffPensionContribution.TC001_VerifyAddOneOffPensionContribution"/>
  <testcase name="verifyEmployerContribution" time="0.251" classname="com.test.xcdhr.Core_HR_Sence_Check.AddOneOffPensionContribution.TC001_VerifyAddOneOffPensionContribution"/>
  <testcase name="verifyEmployeeContribution" time="0.031" classname="com.test.xcdhr.Core_HR_Sence_Check.AddOneOffPensionContribution.TC001_VerifyAddOneOffPensionContribution"/>
</testsuite> <!-- 2 -->
