<?xml version="1.0" encoding="UTF-8"?>
<!-- Generated by org.testng.reporters.JUnitXMLReporter -->
<testsuite hostname="DESKTOP-ICBR68V" ignored="0" name="Approve leave request by manager" tests="4" failures="0" timestamp="26 Apr 2018 10:46:52 GMT" time="53.945" errors="0">
  <testcase name="loginAndClickMyTeamTab" time="21.959" classname="com.test.xcdhr.Core_HR_Sense_Check.ManagerTLapproveRejectReassignLR.TC001_ApproveLrAndVerify"/>
  <testcase name="ClickLeaveTabAndRecord" time="7.699" classname="com.test.xcdhr.Core_HR_Sense_Check.ManagerTLapproveRejectReassignLR.TC001_ApproveLrAndVerify"/>
  <testcase name="verifyApproveRejectAndApprove" time="13.328" classname="com.test.xcdhr.Core_HR_Sense_Check.ManagerTLapproveRejectReassignLR.TC001_ApproveLrAndVerify"/>
  <testcase name="verifyLRForDaysWorker" time="1.454" classname="com.test.xcdhr.Core_HR_Sense_Check.ManagerTLapproveRejectReassignLR.TC001_ApproveLrAndVerify"/>
</testsuite> <!-- Approve leave request by manager -->
