<?xml version="1.0" encoding="UTF-8"?>
<!-- Generated by org.testng.reporters.JUnitXMLReporter -->
<testsuite hostname="DESKTOP-ICBR68V" ignored="0" name="Cancel leave request and verify " tests="1" failures="1" timestamp="24 Apr 2018 10:41:45 GMT" time="38.816" errors="0">
  <testcase name="loginAndClickMyDetail" time="31.114" classname="com.test.xcdhr.Core_HR_Sense_Check.HrEmployeeLeaveBooking.TC005_CancelAnnualLeaveAndVerify">
    <failure type="java.lang.AssertionError" message="expected [true] but found [false]">
      <![CDATA[java.lang.AssertionError: expected [true] but found [false]
at com.test.xcdhr.Core_HR_Sense_Check.HrEmployeeLeaveBooking.TC005_CancelAnnualLeaveAndVerify.loginAndClickMyDetail(TC005_CancelAnnualLeaveAndVerify.java:62)
... Removed 31 stack frames]]>
    </failure>
  </testcase> <!-- loginAndClickMyDetail -->
</testsuite> <!-- Cancel leave request and verify  -->
