<?xml version="1.0" encoding="UTF-8"?>
<!-- Generated by org.testng.reporters.JUnitXMLReporter -->
<testsuite hostname="DESKTOP-ICBR68V" ignored="0" name="Reject leave request HR Manager" tests="4" failures="0" timestamp="26 Apr 2018 10:47:42 GMT" time="50.23" errors="0">
  <testcase name="loginAndClickMyTeamTab" time="20.07" classname="com.test.xcdhr.Core_HR_Sense_Check.ManagerTLapproveRejectReassignLR.TC002_RejectLrAndVerify"/>
  <testcase name="ClickLeaveTabAndRecord" time="7.474" classname="com.test.xcdhr.Core_HR_Sense_Check.ManagerTLapproveRejectReassignLR.TC002_RejectLrAndVerify"/>
  <testcase name="verifyApproveRejectAndReject" time="14.264" classname="com.test.xcdhr.Core_HR_Sense_Check.ManagerTLapproveRejectReassignLR.TC002_RejectLrAndVerify"/>
  <testcase name="verifyLRForDaysWorker" time="1.068" classname="com.test.xcdhr.Core_HR_Sense_Check.ManagerTLapproveRejectReassignLR.TC002_RejectLrAndVerify"/>
</testsuite> <!-- Reject leave request HR Manager -->
