<?xml version="1.0" encoding="UTF-8"?>
<!-- Generated by org.testng.reporters.JUnitXMLReporter -->
<testsuite hostname="DESKTOP-ICBR68V" ignored="0" name="Sick leave booking for HR Employee" tests="2" failures="1" timestamp="24 Apr 2018 20:33:01 GMT" time="8.348" errors="0">
  <testcase name="loginAndClickMyDetail" time="0.0" classname="com.test.xcdhr.Core_HR_Sense_Check.HrEmployeeLeaveBooking.TC002_BookSickLeaveForDaysWorkerAndVerify">
    <failure type="org.testng.TestNGException" message="
Data Provider public java.lang.String[][] com.test.xcdhr.Core_HR_Sense_Check.HrEmployeeLeaveBooking.TC002_BookSickLeaveForDaysWorkerAndVerify.getTestDataforLogin() returned a null value">
      <![CDATA[org.testng.TestNGException: 
Data Provider public java.lang.String[][] com.test.xcdhr.Core_HR_Sense_Check.HrEmployeeLeaveBooking.TC002_BookSickLeaveForDaysWorkerAndVerify.getTestDataforLogin() returned a null value
... Removed 22 stack frames]]>
    </failure>
  </testcase> <!-- loginAndClickMyDetail -->
  <testcase name="setupLrAndSubmit" time="0.001" classname="com.test.xcdhr.Core_HR_Sense_Check.HrEmployeeLeaveBooking.TC002_BookSickLeaveForDaysWorkerAndVerify">
    <skipped/>
  </testcase> <!-- setupLrAndSubmit -->
</testsuite> <!-- Sick leave booking for HR Employee -->
