<?xml version="1.0" encoding="UTF-8"?>
<!-- Generated by org.testng.reporters.JUnitXMLReporter -->
<testsuite hostname="DESKTOP-ICBR68V" ignored="0" name="1" tests="3" failures="0" timestamp="20 Feb 2018 06:12:04 GMT" time="92.82" errors="0">
  <testcase name="searchCreatedEmployeeForChangeJR" time="47.127" classname="com.test.xcdhr.Core_HR_Sence_Check.ChangeJobRole.TC001_Change_JR_With_PatternType_RWPD"/>
  <testcase name="clickOnSearchedEmployee" time="11.201" classname="com.test.xcdhr.Core_HR_Sence_Check.ChangeJobRole.TC001_Change_JR_With_PatternType_RWPD"/>
  <testcase name="clickSave" time="26.421" classname="com.test.xcdhr.Core_HR_Sence_Check.ChangeJobRole.TC001_Change_JR_With_PatternType_RWPD"/>
</testsuite> <!-- 1 -->
