<?xml version="1.0" encoding="UTF-8"?>
<!-- Generated by org.testng.reporters.JUnitXMLReporter -->
<testsuite hostname="DESKTOP-ICBR68V" ignored="0" name="2" tests="3" failures="0" timestamp="13 Feb 2018 11:13:12 GMT" time="53.261" errors="0">
  <testcase name="searchCreatedEmployeeForChangeJR" time="38.326" classname="com.test.xcdhr.Core_HR_Sence_Check.ChangeJobRole.TC001_Verify_Change_JR_With_PatternType_RWP"/>
  <testcase name="clickOnSearchedEmployeeAndJobTitle" time="7.659" classname="com.test.xcdhr.Core_HR_Sence_Check.ChangeJobRole.TC001_Verify_Change_JR_With_PatternType_RWP"/>
  <testcase name="verifySecondJobTitle" time="2.074" classname="com.test.xcdhr.Core_HR_Sence_Check.ChangeJobRole.TC001_Verify_Change_JR_With_PatternType_RWP"/>
</testsuite> <!-- 2 -->
