<?xml version="1.0" encoding="UTF-8"?>
<!-- Generated by org.testng.reporters.JUnitXMLReporter -->
<testsuite hostname="DESKTOP-ICBR68V" ignored="0" name="3" tests="4" failures="0" timestamp="13 Feb 2018 13:32:08 GMT" time="136.383" errors="0">
  <testcase name="searchCreatedEmployeeForChangeJR" time="46.184" classname="com.test.xcdhr.Core_HR_Sence_Check.ChangeJobRole.TC002_Change_JR_With_PatternType_RWPH"/>
  <testcase name="clickOnSearchedEmployee" time="9.303" classname="com.test.xcdhr.Core_HR_Sence_Check.ChangeJobRole.TC002_Change_JR_With_PatternType_RWPH"/>
  <testcase name="clickSave" time="73.139" classname="com.test.xcdhr.Core_HR_Sence_Check.ChangeJobRole.TC002_Change_JR_With_PatternType_RWPH"/>
  <testcase name="closeBrowser" time="0.548" classname="com.test.xcdhr.Core_HR_Sence_Check.ChangeJobRole.TC002_Change_JR_With_PatternType_RWPH"/>
</testsuite> <!-- 3 -->
