<?xml version="1.0" encoding="UTF-8"?>
<!-- Generated by org.testng.reporters.JUnitXMLReporter -->
<testsuite hostname="DESKTOP-ICBR68V" ignored="0" name="4" tests="4" failures="0" timestamp="13 Feb 2018 13:33:12 GMT" time="64.056" errors="0">
  <testcase name="searchCreatedEmployeeForChangeJR" time="44.226" classname="com.test.xcdhr.Core_HR_Sence_Check.ChangeJobRole.TC002_Verify_Change_JR_With_PatternType_RWPH"/>
  <testcase name="clickOnSearchedEmployeeAndJobTitle" time="8.713" classname="com.test.xcdhr.Core_HR_Sence_Check.ChangeJobRole.TC002_Verify_Change_JR_With_PatternType_RWPH"/>
  <testcase name="verifySecondJobTitle" time="5.302" classname="com.test.xcdhr.Core_HR_Sence_Check.ChangeJobRole.TC002_Verify_Change_JR_With_PatternType_RWPH"/>
  <testcase name="closeBrowser" time="0.464" classname="com.test.xcdhr.Core_HR_Sence_Check.ChangeJobRole.TC002_Verify_Change_JR_With_PatternType_RWPH"/>
</testsuite> <!-- 4 -->
