<?xml version="1.0" encoding="UTF-8"?>
<!-- Generated by org.testng.reporters.JUnitXMLReporter -->
<testsuite hostname="DESKTOP-ICBR68V" ignored="0" name="5" tests="4" failures="0" timestamp="14 Feb 2018 08:51:19 GMT" time="113.89" errors="0">
  <testcase name="searchCreatedEmployeeForChangeJR" time="44.156" classname="com.test.xcdhr.Core_HR_Sence_Check.ChangeJobRole.TC003_Change_JR_With_PatternType_ISP"/>
  <testcase name="clickOnSearchedEmployee" time="9.23" classname="com.test.xcdhr.Core_HR_Sence_Check.ChangeJobRole.TC003_Change_JR_With_PatternType_ISP"/>
  <testcase name="clickSave" time="53.183" classname="com.test.xcdhr.Core_HR_Sence_Check.ChangeJobRole.TC003_Change_JR_With_PatternType_ISP"/>
  <testcase name="closeBrowser" time="0.751" classname="com.test.xcdhr.Core_HR_Sence_Check.ChangeJobRole.TC003_Change_JR_With_PatternType_ISP"/>
</testsuite> <!-- 5 -->
