<?xml version="1.0" encoding="UTF-8"?>
<!-- Generated by org.testng.reporters.JUnitXMLReporter -->
<testsuite hostname="DESKTOP-ICBR68V" ignored="0" name="6" tests="4" failures="0" timestamp="14 Feb 2018 08:52:19 GMT" time="60.692" errors="0">
  <testcase name="searchCreatedEmployeeForChangeJR" time="42.059" classname="com.test.xcdhr.Core_HR_Sence_Check.ChangeJobRole.TC003_Verify_Change_JR_With_PatternType_ISP"/>
  <testcase name="clickOnSearchedEmployeeAndJobTitle" time="11.081" classname="com.test.xcdhr.Core_HR_Sence_Check.ChangeJobRole.TC003_Verify_Change_JR_With_PatternType_ISP"/>
  <testcase name="verifySecondJobTitle" time="2.002" classname="com.test.xcdhr.Core_HR_Sence_Check.ChangeJobRole.TC003_Verify_Change_JR_With_PatternType_ISP"/>
  <testcase name="closeBrowser" time="0.386" classname="com.test.xcdhr.Core_HR_Sence_Check.ChangeJobRole.TC003_Verify_Change_JR_With_PatternType_ISP"/>
</testsuite> <!-- 6 -->
