<?xml version="1.0" encoding="UTF-8"?>
<!-- Generated by org.testng.reporters.JUnitXMLReporter -->
<testsuite hostname="DESKTOP-ICBR68V" ignored="0" name="7" tests="4" failures="0" timestamp="14 Feb 2018 10:30:56 GMT" time="114.37" errors="0">
  <testcase name="searchCreatedEmployeeForChangeJR" time="42.006" classname="com.test.xcdhr.Core_HR_Sence_Check.ChangeJobRole.TC004_Change_JR_With_PatternType_FWD"/>
  <testcase name="clickOnSearchedEmployee" time="11.38" classname="com.test.xcdhr.Core_HR_Sence_Check.ChangeJobRole.TC004_Change_JR_With_PatternType_FWD"/>
  <testcase name="clickSave" time="53.54" classname="com.test.xcdhr.Core_HR_Sence_Check.ChangeJobRole.TC004_Change_JR_With_PatternType_FWD"/>
  <testcase name="closeBrowser" time="0.575" classname="com.test.xcdhr.Core_HR_Sence_Check.ChangeJobRole.TC004_Change_JR_With_PatternType_FWD"/>
</testsuite> <!-- 7 -->
