<?xml version="1.0" encoding="UTF-8"?>
<!-- Generated by org.testng.reporters.JUnitXMLReporter -->
<testsuite hostname="DESKTOP-ICBR68V" ignored="0" name="8" tests="4" failures="0" timestamp="14 Feb 2018 10:31:53 GMT" time="56.736" errors="0">
  <testcase name="searchCreatedEmployeeForChangeJR" time="42.769" classname="com.test.xcdhr.Core_HR_Sence_Check.ChangeJobRole.TC004_Verify_Change_JR_With_PatternType_FWD"/>
  <testcase name="clickOnSearchedEmployeeAndJobTitle" time="6.968" classname="com.test.xcdhr.Core_HR_Sence_Check.ChangeJobRole.TC004_Verify_Change_JR_With_PatternType_FWD"/>
  <testcase name="verifySecondJobTitle" time="1.921" classname="com.test.xcdhr.Core_HR_Sence_Check.ChangeJobRole.TC004_Verify_Change_JR_With_PatternType_FWD"/>
  <testcase name="closeBrowser" time="0.388" classname="com.test.xcdhr.Core_HR_Sence_Check.ChangeJobRole.TC004_Verify_Change_JR_With_PatternType_FWD"/>
</testsuite> <!-- 8 -->
