<?xml version="1.0" encoding="UTF-8"?>
<!-- Generated by org.testng.reporters.JUnitXMLReporter -->
<testsuite hostname="DESKTOP-ICBR68V" ignored="0" name="1" tests="4" failures="0" timestamp="19 Feb 2018 11:36:39 GMT" time="98.018" errors="0">
  <testcase name="searchEmployeeForSetupOtherPaymentDeduction" time="43.644" classname="com.test.xcdhr.Core_HR_Sence_Check.AddPaymentOrDeduction.TC001_AddPaymentOrDeductionOneOffBenefitType"/>
  <testcase name="clickOnSearchedEmployeeAndVerifyRewardTab" time="9.202" classname="com.test.xcdhr.Core_HR_Sence_Check.AddPaymentOrDeduction.TC001_AddPaymentOrDeductionOneOffBenefitType"/>
  <testcase name="verifyPaymentDeductionButton" time="8.677" classname="com.test.xcdhr.Core_HR_Sence_Check.AddPaymentOrDeduction.TC001_AddPaymentOrDeductionOneOffBenefitType"/>
  <testcase name="VerifyAndSetupPaymentDeduction" time="28.684" classname="com.test.xcdhr.Core_HR_Sence_Check.AddPaymentOrDeduction.TC001_AddPaymentOrDeductionOneOffBenefitType"/>
</testsuite> <!-- 1 -->
