<?xml version="1.0" encoding="UTF-8"?>
<!-- Generated by org.testng.reporters.JUnitXMLReporter -->
<testsuite hostname="DESKTOP-ICBR68V" ignored="0" name="2" tests="5" failures="0" timestamp="19 Feb 2018 11:37:42 GMT" time="63.274" errors="0">
  <testcase name="searchEmployeeRecord" time="44.294" classname="com.test.xcdhr.Core_HR_Sence_Check.AddPaymentOrDeduction.TC001_VerifyAddPaymentOrDeductionOneOffBenefitType"/>
  <testcase name="clickOnSearchedEmployeeAndRewardTab" time="7.419" classname="com.test.xcdhr.Core_HR_Sence_Check.AddPaymentOrDeduction.TC001_VerifyAddPaymentOrDeductionOneOffBenefitType"/>
  <testcase name="verifyPaymentDedutonAndClick" time="3.334" classname="com.test.xcdhr.Core_HR_Sence_Check.AddPaymentOrDeduction.TC001_VerifyAddPaymentOrDeductionOneOffBenefitType"/>
  <testcase name="verifyPaymentAmount" time="1.784" classname="com.test.xcdhr.Core_HR_Sence_Check.AddPaymentOrDeduction.TC001_VerifyAddPaymentOrDeductionOneOffBenefitType"/>
  <testcase name="verifyRecordType" time="0.469" classname="com.test.xcdhr.Core_HR_Sence_Check.AddPaymentOrDeduction.TC001_VerifyAddPaymentOrDeductionOneOffBenefitType"/>
</testsuite> <!-- 2 -->
