<?xml version="1.0" encoding="UTF-8"?>
<!-- Generated by org.testng.reporters.JUnitXMLReporter -->
<testsuite hostname="DESKTOP-ICBR68V" ignored="0" name="3" tests="4" failures="0" timestamp="19 Feb 2018 11:39:10 GMT" time="87.604" errors="0">
  <testcase name="searchEmployeeForSetupOtherPaymentDeduction" time="42.386" classname="com.test.xcdhr.Core_HR_Sence_Check.AddPaymentOrDeduction.TC002_AddPaymentOrDeductionOneOffDeductionType"/>
  <testcase name="clickOnSearchedEmployeeAndVerifyRewardTab" time="7.329" classname="com.test.xcdhr.Core_HR_Sence_Check.AddPaymentOrDeduction.TC002_AddPaymentOrDeductionOneOffDeductionType"/>
  <testcase name="verifyPaymentDeductionButton" time="8.489" classname="com.test.xcdhr.Core_HR_Sence_Check.AddPaymentOrDeduction.TC002_AddPaymentOrDeductionOneOffDeductionType"/>
  <testcase name="VerifyAndSetupPaymentDeduction" time="23.724" classname="com.test.xcdhr.Core_HR_Sence_Check.AddPaymentOrDeduction.TC002_AddPaymentOrDeductionOneOffDeductionType"/>
</testsuite> <!-- 3 -->
