<?xml version="1.0" encoding="UTF-8"?>
<!-- Generated by org.testng.reporters.JUnitXMLReporter -->
<testsuite hostname="DESKTOP-ICBR68V" ignored="0" name="4" tests="5" failures="0" timestamp="19 Feb 2018 11:40:15 GMT" time="65.083" errors="0">
  <testcase name="searchEmployeeRecord" time="44.291" classname="com.test.xcdhr.Core_HR_Sence_Check.AddPaymentOrDeduction.TC002_VerifyAddPaymentOrDeductionOneOffDeductionType"/>
  <testcase name="clickOnSearchedEmployeeAndRewardTab" time="9.603" classname="com.test.xcdhr.Core_HR_Sence_Check.AddPaymentOrDeduction.TC002_VerifyAddPaymentOrDeductionOneOffDeductionType"/>
  <testcase name="verifyPaymentDedutonAndClick" time="3.165" classname="com.test.xcdhr.Core_HR_Sence_Check.AddPaymentOrDeduction.TC002_VerifyAddPaymentOrDeductionOneOffDeductionType"/>
  <testcase name="verifyPaymentAmount" time="1.803" classname="com.test.xcdhr.Core_HR_Sence_Check.AddPaymentOrDeduction.TC002_VerifyAddPaymentOrDeductionOneOffDeductionType"/>
  <testcase name="verifyRecordType" time="0.933" classname="com.test.xcdhr.Core_HR_Sence_Check.AddPaymentOrDeduction.TC002_VerifyAddPaymentOrDeductionOneOffDeductionType"/>
</testsuite> <!-- 4 -->
