<?xml version="1.0" encoding="UTF-8"?>
<!-- Generated by org.testng.reporters.JUnitXMLReporter -->
<testsuite hostname="DESKTOP-ICBR68V" ignored="0" name="5" tests="4" failures="0" timestamp="19 Feb 2018 11:41:46 GMT" time="90.899" errors="0">
  <testcase name="searchEmployeeForSetupOtherPaymentDeduction" time="44.434" classname="com.test.xcdhr.Core_HR_Sence_Check.AddPaymentOrDeduction.TC003_AddPaymentOrDeductionOneOffPaymentType"/>
  <testcase name="clickOnSearchedEmployeeAndVerifyRewardTab" time="8.22" classname="com.test.xcdhr.Core_HR_Sence_Check.AddPaymentOrDeduction.TC003_AddPaymentOrDeductionOneOffPaymentType"/>
  <testcase name="verifyPaymentDeductionButton" time="8.771" classname="com.test.xcdhr.Core_HR_Sence_Check.AddPaymentOrDeduction.TC003_AddPaymentOrDeductionOneOffPaymentType"/>
  <testcase name="VerifyAndSetupPaymentDeduction" time="24.169" classname="com.test.xcdhr.Core_HR_Sence_Check.AddPaymentOrDeduction.TC003_AddPaymentOrDeductionOneOffPaymentType"/>
</testsuite> <!-- 5 -->
