<?xml version="1.0" encoding="UTF-8"?>
<!-- Generated by org.testng.reporters.JUnitXMLReporter -->
<testsuite hostname="DESKTOP-ICBR68V" ignored="0" name="6" tests="5" failures="0" timestamp="19 Feb 2018 11:42:52 GMT" time="65.883" errors="0">
  <testcase name="searchEmployeeRecord" time="44.603" classname="com.test.xcdhr.Core_HR_Sence_Check.AddPaymentOrDeduction.TC003_VerifyAddPaymentOrDeductionOneOffPaymentType"/>
  <testcase name="clickOnSearchedEmployeeAndRewardTab" time="8.294" classname="com.test.xcdhr.Core_HR_Sence_Check.AddPaymentOrDeduction.TC003_VerifyAddPaymentOrDeductionOneOffPaymentType"/>
  <testcase name="verifyPaymentDedutonAndClick" time="4.602" classname="com.test.xcdhr.Core_HR_Sence_Check.AddPaymentOrDeduction.TC003_VerifyAddPaymentOrDeductionOneOffPaymentType"/>
  <testcase name="verifyPaymentAmount" time="1.848" classname="com.test.xcdhr.Core_HR_Sence_Check.AddPaymentOrDeduction.TC003_VerifyAddPaymentOrDeductionOneOffPaymentType"/>
  <testcase name="verifyRecordType" time="0.753" classname="com.test.xcdhr.Core_HR_Sence_Check.AddPaymentOrDeduction.TC003_VerifyAddPaymentOrDeductionOneOffPaymentType"/>
</testsuite> <!-- 6 -->
