<?xml version="1.0" encoding="UTF-8"?>
<!-- Generated by org.testng.reporters.JUnitXMLReporter -->
<testsuite hostname="DESKTOP-ICBR68V" ignored="0" name="Add paymentDeduction where type is One Off Benefit" tests="4" failures="0" timestamp="06 Mar 2018 07:25:23 GMT" time="109.21" errors="0">
  <testcase name="searchEmployeeForSetupOtherPaymentDeduction" time="43.269" classname="com.test.xcdhr.Core_HR_Sence_Check.AddPaymentOrDeduction.TC001_AddPaymentOrDeductionOneOffBenefitType"/>
  <testcase name="clickOnSearchedEmployeeAndVerifyRewardTab" time="10.686" classname="com.test.xcdhr.Core_HR_Sence_Check.AddPaymentOrDeduction.TC001_AddPaymentOrDeductionOneOffBenefitType"/>
  <testcase name="verifyPaymentDeductionButton" time="8.8" classname="com.test.xcdhr.Core_HR_Sence_Check.AddPaymentOrDeduction.TC001_AddPaymentOrDeductionOneOffBenefitType"/>
  <testcase name="VerifyAndSetupPaymentDeduction" time="32.293" classname="com.test.xcdhr.Core_HR_Sence_Check.AddPaymentOrDeduction.TC001_AddPaymentOrDeductionOneOffBenefitType"/>
</testsuite> <!-- Add paymentDeduction where type is One Off Benefit -->
