<?xml version="1.0" encoding="UTF-8"?>
<!-- Generated by org.testng.reporters.JUnitXMLReporter -->
<testsuite hostname="DESKTOP-ICBR68V" ignored="0" name="Add paymentDeduction where type is One Off payment" tests="4" failures="0" timestamp="06 Mar 2018 06:29:30 GMT" time="91.237" errors="0">
  <testcase name="searchEmployeeForSetupOtherPaymentDeduction" time="42.873" classname="com.test.xcdhr.Core_HR_Sence_Check.AddPaymentOrDeduction.TC003_AddPaymentOrDeductionOneOffPaymentType"/>
  <testcase name="clickOnSearchedEmployeeAndVerifyRewardTab" time="7.876" classname="com.test.xcdhr.Core_HR_Sence_Check.AddPaymentOrDeduction.TC003_AddPaymentOrDeductionOneOffPaymentType"/>
  <testcase name="verifyPaymentDeductionButton" time="8.706" classname="com.test.xcdhr.Core_HR_Sence_Check.AddPaymentOrDeduction.TC003_AddPaymentOrDeductionOneOffPaymentType"/>
  <testcase name="VerifyAndSetupPaymentDeduction" time="21.72" classname="com.test.xcdhr.Core_HR_Sence_Check.AddPaymentOrDeduction.TC003_AddPaymentOrDeductionOneOffPaymentType"/>
</testsuite> <!-- Add paymentDeduction where type is One Off payment -->
