<?xml version="1.0" encoding="UTF-8"?>
<!-- Generated by org.testng.reporters.JUnitXMLReporter -->
<testsuite hostname="DESKTOP-ICBR68V" ignored="0" name="Add paymentDeduction where type is One Off deduction" tests="4" failures="0" timestamp="06 Mar 2018 06:26:55 GMT" time="92.096" errors="0">
  <testcase name="searchEmployeeForSetupOtherPaymentDeduction" time="40.854" classname="com.test.xcdhr.Core_HR_Sence_Check.AddPaymentOrDeduction.TC002_AddPaymentOrDeductionOneOffDeductionType"/>
  <testcase name="clickOnSearchedEmployeeAndVerifyRewardTab" time="8.916" classname="com.test.xcdhr.Core_HR_Sence_Check.AddPaymentOrDeduction.TC002_AddPaymentOrDeductionOneOffDeductionType"/>
  <testcase name="verifyPaymentDeductionButton" time="8.676" classname="com.test.xcdhr.Core_HR_Sence_Check.AddPaymentOrDeduction.TC002_AddPaymentOrDeductionOneOffDeductionType"/>
  <testcase name="VerifyAndSetupPaymentDeduction" time="21.897" classname="com.test.xcdhr.Core_HR_Sence_Check.AddPaymentOrDeduction.TC002_AddPaymentOrDeductionOneOffDeductionType"/>
</testsuite> <!-- Add paymentDeduction where type is One Off deduction -->
