<?xml version="1.0" encoding="UTF-8"?>
<!-- Generated by org.testng.reporters.JUnitXMLReporter -->
<testsuite hostname="DESKTOP-ICBR68V" ignored="0" name="Verify paymentDeduction where type is One Off deduction" tests="5" failures="0" timestamp="06 Mar 2018 06:27:59 GMT" time="63.525" errors="0">
  <testcase name="searchEmployeeRecord" time="41.656" classname="com.test.xcdhr.Core_HR_Sence_Check.AddPaymentOrDeduction.TC002_VerifyAddPaymentOrDeductionOneOffDeductionType"/>
  <testcase name="clickOnSearchedEmployeeAndRewardTab" time="8.538" classname="com.test.xcdhr.Core_HR_Sence_Check.AddPaymentOrDeduction.TC002_VerifyAddPaymentOrDeductionOneOffDeductionType"/>
  <testcase name="verifyPaymentDedutonAndClick" time="6.684" classname="com.test.xcdhr.Core_HR_Sence_Check.AddPaymentOrDeduction.TC002_VerifyAddPaymentOrDeductionOneOffDeductionType"/>
  <testcase name="verifyPaymentAmount" time="0.025" classname="com.test.xcdhr.Core_HR_Sence_Check.AddPaymentOrDeduction.TC002_VerifyAddPaymentOrDeductionOneOffDeductionType"/>
  <testcase name="verifyRecordType" time="0.116" classname="com.test.xcdhr.Core_HR_Sence_Check.AddPaymentOrDeduction.TC002_VerifyAddPaymentOrDeductionOneOffDeductionType"/>
</testsuite> <!-- Verify paymentDeduction where type is One Off deduction -->
