<?xml version="1.0" encoding="UTF-8"?>
<!-- Generated by org.testng.reporters.JUnitXMLReporter -->
<testsuite hostname="DESKTOP-ICBR68V" ignored="0" name="Verify paymentDeduction where type is One Off payment" tests="5" failures="0" timestamp="06 Mar 2018 06:30:33 GMT" time="62.807" errors="0">
  <testcase name="searchEmployeeRecord" time="42.394" classname="com.test.xcdhr.Core_HR_Sence_Check.AddPaymentOrDeduction.TC003_VerifyAddPaymentOrDeductionOneOffPaymentType"/>
  <testcase name="clickOnSearchedEmployeeAndRewardTab" time="8.471" classname="com.test.xcdhr.Core_HR_Sence_Check.AddPaymentOrDeduction.TC003_VerifyAddPaymentOrDeductionOneOffPaymentType"/>
  <testcase name="verifyPaymentDedutonAndClick" time="5.66" classname="com.test.xcdhr.Core_HR_Sence_Check.AddPaymentOrDeduction.TC003_VerifyAddPaymentOrDeductionOneOffPaymentType"/>
  <testcase name="verifyPaymentAmount" time="0.054" classname="com.test.xcdhr.Core_HR_Sence_Check.AddPaymentOrDeduction.TC003_VerifyAddPaymentOrDeductionOneOffPaymentType"/>
  <testcase name="verifyRecordType" time="0.094" classname="com.test.xcdhr.Core_HR_Sence_Check.AddPaymentOrDeduction.TC003_VerifyAddPaymentOrDeductionOneOffPaymentType"/>
</testsuite> <!-- Verify paymentDeduction where type is One Off payment -->
