<?xml version="1.0" encoding="UTF-8"?>
<!-- Generated by org.testng.reporters.JUnitXMLReporter -->
<testsuite hostname="DESKTOP-ICBR68V" ignored="0" name="1" tests="5" failures="0" timestamp="14 Feb 2018 12:29:26 GMT" time="93.129" errors="0">
  <testcase name="searchCreatedEmployeeForChangeJR" time="43.246" classname="com.test.xcdhr.Core_HR_Sence_Check.ChangeCompensation.TC001_ChangeCompensation_MonthlyPeriod_Via_RewardTab"/>
  <testcase name="clickOnSearchedEmployeeAndVerifyRewardTab" time="11.908" classname="com.test.xcdhr.Core_HR_Sence_Check.ChangeCompensation.TC001_ChangeCompensation_MonthlyPeriod_Via_RewardTab"/>
  <testcase name="verifyChangeCompButtonAndClick" time="4.853" classname="com.test.xcdhr.Core_HR_Sence_Check.ChangeCompensation.TC001_ChangeCompensation_MonthlyPeriod_Via_RewardTab"/>
  <testcase name="VerifyAndSetupChangeCompensation" time="25.551" classname="com.test.xcdhr.Core_HR_Sence_Check.ChangeCompensation.TC001_ChangeCompensation_MonthlyPeriod_Via_RewardTab"/>
  <testcase name="closeBrowser" time="0.521" classname="com.test.xcdhr.Core_HR_Sence_Check.ChangeCompensation.TC001_ChangeCompensation_MonthlyPeriod_Via_RewardTab"/>
</testsuite> <!-- 1 -->
