<?xml version="1.0" encoding="UTF-8"?>
<!-- Generated by org.testng.reporters.JUnitXMLReporter -->
<testsuite hostname="DESKTOP-ICBR68V" ignored="0" name="2" tests="5" failures="0" timestamp="14 Feb 2018 12:30:39 GMT" time="72.537" errors="0">
  <testcase name="searchCreatedEmployeeForChangeCompensation" time="43.512" classname="com.test.xcdhr.Core_HR_Sence_Check.ChangeCompensation.TC001_Verify_ChangeCompensation_MonthlyPeriod_Via_RewardTab"/>
  <testcase name="clickOnSearchedEmployeeAndVerifyRewardTab" time="16.707" classname="com.test.xcdhr.Core_HR_Sence_Check.ChangeCompensation.TC001_Verify_ChangeCompensation_MonthlyPeriod_Via_RewardTab"/>
  <testcase name="verifySecondCompensationAndClickSecondCompensation" time="5.201" classname="com.test.xcdhr.Core_HR_Sence_Check.ChangeCompensation.TC001_Verify_ChangeCompensation_MonthlyPeriod_Via_RewardTab"/>
  <testcase name="verifySecondCompensation" time="1.556" classname="com.test.xcdhr.Core_HR_Sence_Check.ChangeCompensation.TC001_Verify_ChangeCompensation_MonthlyPeriod_Via_RewardTab"/>
  <testcase name="closeBrowser" time="0.469" classname="com.test.xcdhr.Core_HR_Sence_Check.ChangeCompensation.TC001_Verify_ChangeCompensation_MonthlyPeriod_Via_RewardTab"/>
</testsuite> <!-- 2 -->
