<?xml version="1.0" encoding="UTF-8"?>
<!-- Generated by org.testng.reporters.JUnitXMLReporter -->
<testsuite hostname="DESKTOP-ICBR68V" ignored="0" name="3" tests="5" failures="0" timestamp="14 Feb 2018 12:32:13 GMT" time="94.796" errors="0">
  <testcase name="searchCreatedEmployeeForChangeJR" time="41.819" classname="com.test.xcdhr.Core_HR_Sence_Check.ChangeCompensation.TC002_ChangeCompensation_AnnualPeriod_Via_RewardTab"/>
  <testcase name="clickOnSearchedEmployeeAndVerifyRewardTab" time="12.546" classname="com.test.xcdhr.Core_HR_Sence_Check.ChangeCompensation.TC002_ChangeCompensation_AnnualPeriod_Via_RewardTab"/>
  <testcase name="verifyChangeCompButtonAndClick" time="3.996" classname="com.test.xcdhr.Core_HR_Sence_Check.ChangeCompensation.TC002_ChangeCompensation_AnnualPeriod_Via_RewardTab"/>
  <testcase name="VerifyAndSetupChangeCompensation" time="30.745" classname="com.test.xcdhr.Core_HR_Sence_Check.ChangeCompensation.TC002_ChangeCompensation_AnnualPeriod_Via_RewardTab"/>
  <testcase name="closeBrowser" time="0.438" classname="com.test.xcdhr.Core_HR_Sence_Check.ChangeCompensation.TC002_ChangeCompensation_AnnualPeriod_Via_RewardTab"/>
</testsuite> <!-- 3 -->
