<?xml version="1.0" encoding="UTF-8"?>
<!-- Generated by org.testng.reporters.JUnitXMLReporter -->
<testsuite hostname="DESKTOP-ICBR68V" ignored="0" name="4" tests="5" failures="0" timestamp="14 Feb 2018 12:33:24 GMT" time="70.599" errors="0">
  <testcase name="searchCreatedEmployeeForChangeCompensation" time="42.549" classname="com.test.xcdhr.Core_HR_Sence_Check.ChangeCompensation.TC002_Verify_ChangeCompensation_AnnualPeriod_Via_RewardTab"/>
  <testcase name="clickOnSearchedEmployeeAndVerifyRewardTab" time="15.747" classname="com.test.xcdhr.Core_HR_Sence_Check.ChangeCompensation.TC002_Verify_ChangeCompensation_AnnualPeriod_Via_RewardTab"/>
  <testcase name="verifySecondCompensationAndClickSecondCompensation" time="5.197" classname="com.test.xcdhr.Core_HR_Sence_Check.ChangeCompensation.TC002_Verify_ChangeCompensation_AnnualPeriod_Via_RewardTab"/>
  <testcase name="verifySecondCompensation" time="1.854" classname="com.test.xcdhr.Core_HR_Sence_Check.ChangeCompensation.TC002_Verify_ChangeCompensation_AnnualPeriod_Via_RewardTab"/>
  <testcase name="closeBrowser" time="0.433" classname="com.test.xcdhr.Core_HR_Sence_Check.ChangeCompensation.TC002_Verify_ChangeCompensation_AnnualPeriod_Via_RewardTab"/>
</testsuite> <!-- 4 -->
