<?xml version="1.0" encoding="UTF-8"?>
<!-- Generated by org.testng.reporters.JUnitXMLReporter -->
<testsuite hostname="DESKTOP-ICBR68V" ignored="0" name="5" tests="5" failures="0" timestamp="14 Feb 2018 12:34:59 GMT" time="94.672" errors="0">
  <testcase name="searchCreatedEmployeeForChangeJR" time="42.381" classname="com.test.xcdhr.Core_HR_Sence_Check.ChangeCompensation.TC003_ChangeCompensation_WeeklyPeriod_Via_RewardTab"/>
  <testcase name="clickOnSearchedEmployeeAndVerifyRewardTab" time="12.306" classname="com.test.xcdhr.Core_HR_Sence_Check.ChangeCompensation.TC003_ChangeCompensation_WeeklyPeriod_Via_RewardTab"/>
  <testcase name="verifyChangeCompButtonAndClick" time="4.205" classname="com.test.xcdhr.Core_HR_Sence_Check.ChangeCompensation.TC003_ChangeCompensation_WeeklyPeriod_Via_RewardTab"/>
  <testcase name="VerifyAndSetupChangeCompensation" time="30.724" classname="com.test.xcdhr.Core_HR_Sence_Check.ChangeCompensation.TC003_ChangeCompensation_WeeklyPeriod_Via_RewardTab"/>
  <testcase name="closeBrowser" time="0.464" classname="com.test.xcdhr.Core_HR_Sence_Check.ChangeCompensation.TC003_ChangeCompensation_WeeklyPeriod_Via_RewardTab"/>
</testsuite> <!-- 5 -->
