<?xml version="1.0" encoding="UTF-8"?>
<!-- Generated by org.testng.reporters.JUnitXMLReporter -->
<testsuite hostname="DESKTOP-ICBR68V" ignored="0" name="6" tests="5" failures="0" timestamp="14 Feb 2018 12:36:08 GMT" time="68.898" errors="0">
  <testcase name="searchCreatedEmployeeForChangeCompensation" time="41.39" classname="com.test.xcdhr.Core_HR_Sence_Check.ChangeCompensation.TC003_Verify_ChangeCompensation_WeeklyPeriod_Via_RewardTab"/>
  <testcase name="clickOnSearchedEmployeeAndVerifyRewardTab" time="15.794" classname="com.test.xcdhr.Core_HR_Sence_Check.ChangeCompensation.TC003_Verify_ChangeCompensation_WeeklyPeriod_Via_RewardTab"/>
  <testcase name="verifySecondCompensationAndClickSecondCompensation" time="6.528" classname="com.test.xcdhr.Core_HR_Sence_Check.ChangeCompensation.TC003_Verify_ChangeCompensation_WeeklyPeriod_Via_RewardTab"/>
  <testcase name="verifySecondCompensation" time="0.236" classname="com.test.xcdhr.Core_HR_Sence_Check.ChangeCompensation.TC003_Verify_ChangeCompensation_WeeklyPeriod_Via_RewardTab"/>
  <testcase name="closeBrowser" time="0.406" classname="com.test.xcdhr.Core_HR_Sence_Check.ChangeCompensation.TC003_Verify_ChangeCompensation_WeeklyPeriod_Via_RewardTab"/>
</testsuite> <!-- 6 -->
