<?xml version="1.0" encoding="UTF-8"?>
<!-- Generated by org.testng.reporters.JUnitXMLReporter -->
<testsuite hostname="DESKTOP-ICBR68V" ignored="0" name="Setup personal address" tests="4" failures="0" timestamp="24 Apr 2018 06:13:26 GMT" time="86.474" errors="0">
  <testcase name="loginAndClickMyDetail" time="27.328" classname="com.test.xcdhr.Core_HR_Sense_Check.SetupAddressNOKandQualificationForHrManager.TC001_SetupPersonalAddressAndVerify"/>
  <testcase name="verifyAddressButtonAndClick" time="11.679" classname="com.test.xcdhr.Core_HR_Sense_Check.SetupAddressNOKandQualificationForHrManager.TC001_SetupPersonalAddressAndVerify"/>
  <testcase name="setupPersonalAddress" time="34.882" classname="com.test.xcdhr.Core_HR_Sense_Check.SetupAddressNOKandQualificationForHrManager.TC001_SetupPersonalAddressAndVerify"/>
  <testcase name="getPersonalData" time="1.736" classname="com.test.xcdhr.Core_HR_Sense_Check.SetupAddressNOKandQualificationForHrManager.TC001_SetupPersonalAddressAndVerify"/>
</testsuite> <!-- Setup personal address -->
