<?xml version="1.0" encoding="UTF-8"?>
<!-- Generated by org.testng.reporters.JUnitXMLReporter -->
<testsuite hostname="DESKTOP-ICBR68V" ignored="0" name="Default test" tests="3" failures="0" timestamp="13 Feb 2018 13:14:48 GMT" time="101.846" errors="0">
  <testcase name="searchCreatedEmployeeForChangeJR" time="41.409" classname="com.test.xcdhr.Core_HR_Sence_Check.ChangeJobRole.TC002_Change_JR_With_PatternType_RWPH"/>
  <testcase name="clickOnSearchedEmployee" time="10.431" classname="com.test.xcdhr.Core_HR_Sence_Check.ChangeJobRole.TC002_Change_JR_With_PatternType_RWPH"/>
  <testcase name="clickSave" time="43.191" classname="com.test.xcdhr.Core_HR_Sence_Check.ChangeJobRole.TC002_Change_JR_With_PatternType_RWPH"/>
</testsuite> <!-- Default test -->
