<?xml version="1.0" encoding="UTF-8"?>
<!-- Generated by org.testng.reporters.JUnitXMLReporter -->
<testsuite hostname="DESKTOP-ICBR68V" ignored="0" name="Annual leave booking for HR Employee" tests="2" failures="1" timestamp="25 Apr 2018 09:05:14 GMT" time="39.889" errors="0">
  <testcase name="loginAndClickMyTeamTab" time="15.727" classname="com.test.xcdhr.Core_HR_Sense_Check.MyTeamAndDirectoryForManager.TCOO1_MyTeamAccessAndVerify"/>
  <testcase name="ClickLeaveTabAndRecord" time="14.364" classname="com.test.xcdhr.Core_HR_Sense_Check.MyTeamAndDirectoryForManager.TCOO1_MyTeamAccessAndVerify">
    <failure type="java.lang.AssertionError" message="expected [true] but found [false]">
      <![CDATA[java.lang.AssertionError: expected [true] but found [false]
at com.test.xcdhr.Core_HR_Sense_Check.MyTeamAndDirectoryForManager.TCOO1_MyTeamAccessAndVerify.ClickLeaveTabAndRecord(TCOO1_MyTeamAccessAndVerify.java:63)
... Removed 31 stack frames]]>
    </failure>
  </testcase> <!-- ClickLeaveTabAndRecord -->
</testsuite> <!-- Annual leave booking for HR Employee -->
