<?xml version="1.0" encoding="UTF-8"?>
<!-- Generated by org.testng.reporters.JUnitXMLReporter -->
<testsuite hostname="DESKTOP-ICBR68V" ignored="0" name="Access directory and verify" tests="3" failures="0" timestamp="26 Apr 2018 09:32:54 GMT" time="35.698" errors="0">
  <testcase name="loginAndClickDirectoryTab" time="20.856" classname="com.test.xcdhr.Core_HR_Sense_Check.MyTeamAndDirectoryForManager.TC002_DirectoryAccessAndVerify"/>
  <testcase name="searchEmployee" time="7.764" classname="com.test.xcdhr.Core_HR_Sense_Check.MyTeamAndDirectoryForManager.TC002_DirectoryAccessAndVerify"/>
  <testcase name="verifySearchedEmployee" time="0.32" classname="com.test.xcdhr.Core_HR_Sense_Check.MyTeamAndDirectoryForManager.TC002_DirectoryAccessAndVerify"/>
</testsuite> <!-- Access directory and verify -->
