<?xml version="1.0" encoding="UTF-8"?>
<!-- Generated by org.testng.reporters.JUnitXMLReporter -->
<testsuite hostname="DESKTOP-ICBR68V" ignored="0" name="Annual leave booking for HR Employee" tests="3" failures="0" timestamp="25 Apr 2018 11:32:59 GMT" time="35.695" errors="0">
  <testcase name="loginAndClickMyTeamTab" time="15.715" classname="com.test.xcdhr.Core_HR_Sense_Check.MyTeamAndDirectoryForManager.TC001_MyTeamAccessAndVerify"/>
  <testcase name="ClickViewEmployee" time="7.083" classname="com.test.xcdhr.Core_HR_Sense_Check.MyTeamAndDirectoryForManager.TC001_MyTeamAccessAndVerify"/>
  <testcase name="verifyMyTeamAccess" time="2.017" classname="com.test.xcdhr.Core_HR_Sense_Check.MyTeamAndDirectoryForManager.TC001_MyTeamAccessAndVerify"/>
</testsuite> <!-- Annual leave booking for HR Employee -->
