<?xml version="1.0" encoding="UTF-8"?>
<!-- Generated by org.testng.reporters.JUnitXMLReporter -->
<testsuite hostname="DESKTOP-ICBR68V" ignored="0" name="Setup personal address" tests="4" failures="0" timestamp="26 Apr 2018 13:21:36 GMT" time="87.932" errors="0">
  <testcase name="loginAndClickMyDetail" time="30.291" classname="com.test.xcdhr.Core_HR_Sense_Check.SetupAddressNOKandQualificationForHrEmployee.TC001_SetupPersonalAddressAndVerify"/>
  <testcase name="verifyAddressButtonAndClick" time="11.418" classname="com.test.xcdhr.Core_HR_Sense_Check.SetupAddressNOKandQualificationForHrEmployee.TC001_SetupPersonalAddressAndVerify"/>
  <testcase name="setupPersonalAddress" time="34.216" classname="com.test.xcdhr.Core_HR_Sense_Check.SetupAddressNOKandQualificationForHrEmployee.TC001_SetupPersonalAddressAndVerify"/>
  <testcase name="getPersonalData" time="1.354" classname="com.test.xcdhr.Core_HR_Sense_Check.SetupAddressNOKandQualificationForHrEmployee.TC001_SetupPersonalAddressAndVerify"/>
</testsuite> <!-- Setup personal address -->
