<?xml version="1.0" encoding="UTF-8"?>
<!-- Generated by org.testng.reporters.JUnitXMLReporter -->
<testsuite hostname="DESKTOP-ICBR68V" ignored="0" name="Setup NOK" tests="4" failures="0" timestamp="26 Apr 2018 13:22:48 GMT" time="72.419" errors="0">
  <testcase name="loginAndClickMyDetail" time="28.114" classname="com.test.xcdhr.Core_HR_Sense_Check.SetupAddressNOKandQualificationForHrEmployee.TC002_SetupNextOfKinAndVerify"/>
  <testcase name="verifyNokButtonAndClick" time="11.095" classname="com.test.xcdhr.Core_HR_Sense_Check.SetupAddressNOKandQualificationForHrEmployee.TC002_SetupNextOfKinAndVerify"/>
  <testcase name="setupNok" time="25.555" classname="com.test.xcdhr.Core_HR_Sense_Check.SetupAddressNOKandQualificationForHrEmployee.TC002_SetupNextOfKinAndVerify"/>
  <testcase name="getNokData" time="0.727" classname="com.test.xcdhr.Core_HR_Sense_Check.SetupAddressNOKandQualificationForHrEmployee.TC002_SetupNextOfKinAndVerify"/>
</testsuite> <!-- Setup NOK -->
