<?xml version="1.0" encoding="UTF-8"?>
<!-- Generated by org.testng.reporters.JUnitXMLReporter -->
<testsuite hostname="DESKTOP-ICBR68V" ignored="0" name="Setup Qualification" tests="4" failures="0" timestamp="26 Apr 2018 13:24:02 GMT" time="73.558" errors="0">
  <testcase name="loginAndClickMyDetail" time="24.711" classname="com.test.xcdhr.Core_HR_Sense_Check.SetupAddressNOKandQualificationForHrEmployee.TC003_SetupQualificationAndVerify"/>
  <testcase name="verifyQualificationButtonAndClick" time="7.702" classname="com.test.xcdhr.Core_HR_Sense_Check.SetupAddressNOKandQualificationForHrEmployee.TC003_SetupQualificationAndVerify"/>
  <testcase name="setupQualification" time="33.517" classname="com.test.xcdhr.Core_HR_Sense_Check.SetupAddressNOKandQualificationForHrEmployee.TC003_SetupQualificationAndVerify"/>
  <testcase name="getQualificationData" time="0.881" classname="com.test.xcdhr.Core_HR_Sense_Check.SetupAddressNOKandQualificationForHrEmployee.TC003_SetupQualificationAndVerify"/>
</testsuite> <!-- Setup Qualification -->
