<?xml version="1.0" encoding="UTF-8"?>
<!-- Generated by org.testng.reporters.JUnitXMLReporter -->
<testsuite hostname="DESKTOP-ICBR68V" ignored="0" name="1" tests="5" failures="0" timestamp="29 Jan 2018 13:21:27 GMT" time="169.955" errors="0">
  <testcase name="companyTabclick" time="55.232" classname="com.test.xcdhr.Core_HR_Sence_Check.JoinerProcess.TC002_SetupJoiner_WithLicense"/>
  <testcase name="clickGO" time="34.117" classname="com.test.xcdhr.Core_HR_Sence_Check.JoinerProcess.TC002_SetupJoiner_WithLicense"/>
  <testcase name="clickDNTcoreHRComp" time="44.275" classname="com.test.xcdhr.Core_HR_Sence_Check.JoinerProcess.TC002_SetupJoiner_WithLicense"/>
  <testcase name="clicnNewJoinerButton" time="0.86" classname="com.test.xcdhr.Core_HR_Sence_Check.JoinerProcess.TC002_SetupJoiner_WithLicense"/>
  <testcase name="setupPersonalSection" time="26.461" classname="com.test.xcdhr.Core_HR_Sence_Check.JoinerProcess.TC002_SetupJoiner_WithLicense"/>
</testsuite> <!-- 1 -->
