<?xml version="1.0" encoding="UTF-8"?>
<!-- Generated by org.testng.reporters.JUnitXMLReporter -->
<testsuite hostname="DESKTOP-ICBR68V" ignored="0" name="3" tests="5" failures="0" timestamp="14 Feb 2018 08:34:42 GMT" time="208.153" errors="0">
  <testcase name="companyTabclick" time="40.306" classname="com.test.xcdhr.Core_HR_Sence_Check.JoinerProcess.TC002_SetupJoiner_WithLicenseWithExistingUser"/>
  <testcase name="goToNewJoinerPageAndSelectExistingUser" time="146.374" classname="com.test.xcdhr.Core_HR_Sence_Check.JoinerProcess.TC002_SetupJoiner_WithLicenseWithExistingUser"/>
  <testcase name="setupFirstJoinerPage" time="7.647" classname="com.test.xcdhr.Core_HR_Sence_Check.JoinerProcess.TC002_SetupJoiner_WithLicenseWithExistingUser"/>
  <testcase name="verifySecoonPageAndSetupSecondPageOfJoiner" time="6.051" classname="com.test.xcdhr.Core_HR_Sence_Check.JoinerProcess.TC002_SetupJoiner_WithLicenseWithExistingUser"/>
  <testcase name="endBrowser" time="0.724" classname="com.test.xcdhr.Core_HR_Sence_Check.JoinerProcess.TC002_SetupJoiner_WithLicenseWithExistingUser"/>
</testsuite> <!-- 3 -->
