<?xml version="1.0" encoding="UTF-8"?>
<!-- Generated by org.testng.reporters.JUnitXMLReporter -->
<testsuite hostname="DESKTOP-ICBR68V" ignored="0" name="5" tests="5" failures="0" timestamp="14 Feb 2018 09:03:13 GMT" time="211.396" errors="0">
  <testcase name="companyTabclick" time="39.12" classname="com.test.xcdhr.Core_HR_Sence_Check.JoinerProcess.TC003_SeupJoinerWithoutLicenseWithExistingUser"/>
  <testcase name="goToNewJoinerPageAndSelectExistingUser" time="150.977" classname="com.test.xcdhr.Core_HR_Sence_Check.JoinerProcess.TC003_SeupJoinerWithoutLicenseWithExistingUser"/>
  <testcase name="setupFirstJoinerPage" time="7.903" classname="com.test.xcdhr.Core_HR_Sence_Check.JoinerProcess.TC003_SeupJoinerWithoutLicenseWithExistingUser"/>
  <testcase name="verifySecoonPageAndSetupSecondPageOfJoiner" time="6.055" classname="com.test.xcdhr.Core_HR_Sence_Check.JoinerProcess.TC003_SeupJoinerWithoutLicenseWithExistingUser"/>
  <testcase name="endBrowser" time="0.66" classname="com.test.xcdhr.Core_HR_Sence_Check.JoinerProcess.TC003_SeupJoinerWithoutLicenseWithExistingUser"/>
</testsuite> <!-- 5 -->
