<?xml version="1.0" encoding="UTF-8"?>
<!-- Generated by org.testng.reporters.JUnitXMLReporter -->
<testsuite hostname="DESKTOP-ICBR68V" ignored="0" name="6" tests="7" failures="0" timestamp="14 Feb 2018 09:40:39 GMT" time="73.276" errors="0">
  <testcase name="searchCreatedEmployee" time="42.383" classname="com.test.xcdhr.Core_HR_Sence_Check.JoinerProcess.TC003_VerifyJoinerWithoutLicenseWithExistingUser"/>
  <testcase name="clickOnSearchedEmployee" time="7.123" classname="com.test.xcdhr.Core_HR_Sence_Check.JoinerProcess.TC003_VerifyJoinerWithoutLicenseWithExistingUser"/>
  <testcase name="verifyJobTitleOfCreatedEmployee" time="2.035" classname="com.test.xcdhr.Core_HR_Sence_Check.JoinerProcess.TC003_VerifyJoinerWithoutLicenseWithExistingUser"/>
  <testcase name="verifyEmployeeNameOnJobRoleAndGoBackToEmployment" time="0.398" classname="com.test.xcdhr.Core_HR_Sence_Check.JoinerProcess.TC003_VerifyJoinerWithoutLicenseWithExistingUser"/>
  <testcase name="verifyRewardTabAndClickedRewardTab" time="11.756" classname="com.test.xcdhr.Core_HR_Sence_Check.JoinerProcess.TC003_VerifyJoinerWithoutLicenseWithExistingUser"/>
  <testcase name="verifyAnnualSalaryOfCreatedCompensation" time="2.385" classname="com.test.xcdhr.Core_HR_Sence_Check.JoinerProcess.TC003_VerifyJoinerWithoutLicenseWithExistingUser"/>
  <testcase name="endBrowser" time="0.586" classname="com.test.xcdhr.Core_HR_Sence_Check.JoinerProcess.TC003_VerifyJoinerWithoutLicenseWithExistingUser"/>
</testsuite> <!-- 6 -->
