<?xml version="1.0" encoding="UTF-8"?>
<!-- Generated by org.testng.reporters.JUnitXMLReporter -->
<testsuite hostname="DESKTOP-ICBR68V" ignored="0" name="Joiner with existing with add benefits" tests="5" failures="1" timestamp="15 Mar 2018 04:56:15 GMT" time="177.431" errors="0">
  <testcase name="companyTabclick" time="18.821" classname="com.test.xcdhr.Core_HR_Sence_Check.JoinerProcess.TC004_SetupJoinerWithAddBenefit"/>
  <testcase name="goToNewJoinerPageAndSelectExistingUser" time="72.453" classname="com.test.xcdhr.Core_HR_Sence_Check.JoinerProcess.TC004_SetupJoinerWithAddBenefit"/>
  <testcase name="setupFirstJoinerPage" time="3.78" classname="com.test.xcdhr.Core_HR_Sence_Check.JoinerProcess.TC004_SetupJoinerWithAddBenefit"/>
  <testcase name="verifySecoonPageAndSetupSecondPageOfJoiner" time="58.392" classname="com.test.xcdhr.Core_HR_Sence_Check.JoinerProcess.TC004_SetupJoinerWithAddBenefit"/>
  <testcase name="verifyThirdPageOfJoiner" time="15.287" classname="com.test.xcdhr.Core_HR_Sence_Check.JoinerProcess.TC004_SetupJoinerWithAddBenefit">
    <failure type="org.openqa.selenium.NoSuchElementException" message="Cannot locate option with value: Test benefit
For documentation on this error, please visit: http://seleniumhq.org/exceptions/no_such_element.html
Build info: version: &amp;apos;3.0.1&amp;apos;, revision: &amp;apos;1969d75&amp;apos;, time: &amp;apos;2016-10-18 09:49:13 -0700&amp;apos;
System info: host: &amp;apos;DESKTOP-ICBR68V&amp;apos;, ip: &amp;apos;192.168.1.116&amp;apos;, os.name: &amp;apos;Windows 10&amp;apos;, os.arch: &amp;apos;amd64&amp;apos;, os.version: &amp;apos;10.0&amp;apos;, java.version: &amp;apos;1.8.0_151&amp;apos;
Driver info: driver.version: unknown">
      <![CDATA[org.openqa.selenium.NoSuchElementException: Cannot locate option with value: Test benefit
For documentation on this error, please visit: http://seleniumhq.org/exceptions/no_such_element.html
Build info: version: '3.0.1', revision: '1969d75', time: '2016-10-18 09:49:13 -0700'
System info: host: 'DESKTOP-ICBR68V', ip: '192.168.1.116', os.name: 'Windows 10', os.arch: 'amd64', os.version: '10.0', java.version: '1.8.0_151'
Driver info: driver.version: unknown
at org.openqa.selenium.support.ui.Select.selectByValue(Select.java:209)
at com.test.xcdhr.Core_Sence_Check.uiActions.JoinerPage.setupThirdPageOfJoiner(JoinerPage.java:626)
at com.test.xcdhr.Core_HR_Sence_Check.JoinerProcess.TC004_SetupJoinerWithAddBenefit.verifyThirdPageOfJoiner(TC004_SetupJoinerWithAddBenefit.java:92)
... Removed 25 stack frames]]>
    </failure>
  </testcase> <!-- verifyThirdPageOfJoiner -->
</testsuite> <!-- Joiner with existing with add benefits -->
