<?xml version="1.0" encoding="UTF-8"?>
<!-- Generated by org.testng.reporters.JUnitXMLReporter -->
<testsuite hostname="DESKTOP-ICBR68V" ignored="0" name="Joiner with existing user and license is active" tests="4" failures="0" timestamp="17 Apr 2018 07:26:04 GMT" time="173.849" errors="0">
  <testcase name="companyTabclick" time="20.072" classname="com.test.xcdhr.Core_HR_Sense_Check.JoinerProcess.TC002_SetupJoiner_WithLicenseWithExistingUser"/>
  <testcase name="goToNewJoinerPageAndSelectExistingUser" time="72.774" classname="com.test.xcdhr.Core_HR_Sense_Check.JoinerProcess.TC002_SetupJoiner_WithLicenseWithExistingUser"/>
  <testcase name="setupFirstJoinerPage" time="3.919" classname="com.test.xcdhr.Core_HR_Sense_Check.JoinerProcess.TC002_SetupJoiner_WithLicenseWithExistingUser"/>
  <testcase name="verifySecoonPageAndSetupSecondPageOfJoiner" time="68.166" classname="com.test.xcdhr.Core_HR_Sense_Check.JoinerProcess.TC002_SetupJoiner_WithLicenseWithExistingUser"/>
</testsuite> <!-- Joiner with existing user and license is active -->
