<?xml version="1.0" encoding="UTF-8"?>
<!-- Generated by org.testng.reporters.JUnitXMLReporter -->
<testsuite hostname="DESKTOP-ICBR68V" ignored="0" name="Verify Joiner with existing user and license is active" tests="6" failures="0" timestamp="17 Apr 2018 07:26:51 GMT" time="47.315" errors="0">
  <testcase name="searchCreatedEmployee" time="21.983" classname="com.test.xcdhr.Core_HR_Sense_Check.JoinerProcess.TC002_VerifyJoiner_WithLicenseWithExistingUser"/>
  <testcase name="clickOnSearchedEmployee" time="7.428" classname="com.test.xcdhr.Core_HR_Sense_Check.JoinerProcess.TC002_VerifyJoiner_WithLicenseWithExistingUser"/>
  <testcase name="verifyJobTitleOfCreatedEmployee" time="2.11" classname="com.test.xcdhr.Core_HR_Sense_Check.JoinerProcess.TC002_VerifyJoiner_WithLicenseWithExistingUser"/>
  <testcase name="verifyEmployeeNameOnJobRoleAndGoBackToEmployment" time="0.401" classname="com.test.xcdhr.Core_HR_Sense_Check.JoinerProcess.TC002_VerifyJoiner_WithLicenseWithExistingUser"/>
  <testcase name="verifyRewardTabAndClickedRewardTab" time="7.259" classname="com.test.xcdhr.Core_HR_Sense_Check.JoinerProcess.TC002_VerifyJoiner_WithLicenseWithExistingUser"/>
  <testcase name="verifyAnnualSalaryOfCreatedCompensation" time="1.673" classname="com.test.xcdhr.Core_HR_Sense_Check.JoinerProcess.TC002_VerifyJoiner_WithLicenseWithExistingUser"/>
</testsuite> <!-- Verify Joiner with existing user and license is active -->
