<?xml version="1.0" encoding="UTF-8"?>
<!-- Generated by org.testng.reporters.JUnitXMLReporter -->
<testsuite hostname="DESKTOP-ICBR68V" ignored="0" name="Setup Qualification" tests="4" failures="0" timestamp="20 Apr 2018 08:58:07 GMT" time="67.866" errors="0">
  <testcase name="loginAndClickMyDetail" time="15.03" classname="com.test.xcdhr.Core_HR_Sense_Check.SetupAddressNOKandQualification.TC003_SetupQualificationAndVerify"/>
  <testcase name="verifyQualificationButtonAndClick" time="7.779" classname="com.test.xcdhr.Core_HR_Sense_Check.SetupAddressNOKandQualification.TC003_SetupQualificationAndVerify"/>
  <testcase name="setupQualification" time="34.531" classname="com.test.xcdhr.Core_HR_Sense_Check.SetupAddressNOKandQualification.TC003_SetupQualificationAndVerify"/>
  <testcase name="getQualificationData" time="1.358" classname="com.test.xcdhr.Core_HR_Sense_Check.SetupAddressNOKandQualification.TC003_SetupQualificationAndVerify"/>
</testsuite> <!-- Setup Qualification -->
