<?xml version="1.0" encoding="UTF-8"?>
<!-- Generated by org.testng.reporters.JUnitXMLReporter -->
<testsuite hostname="DESKTOP-ICBR68V" ignored="0" name="Setup NOK" tests="4" failures="0" timestamp="20 Apr 2018 08:57:00 GMT" time="70.759" errors="0">
  <testcase name="loginAndClickMyDetail" time="24.642" classname="com.test.xcdhr.Core_HR_Sense_Check.SetupAddressNOKandQualification.TC002_SetupNextOfKinAndVerify"/>
  <testcase name="verifyNokButtonAndClick" time="11.658" classname="com.test.xcdhr.Core_HR_Sense_Check.SetupAddressNOKandQualification.TC002_SetupNextOfKinAndVerify"/>
  <testcase name="setupNok" time="25.89" classname="com.test.xcdhr.Core_HR_Sense_Check.SetupAddressNOKandQualification.TC002_SetupNextOfKinAndVerify"/>
  <testcase name="getNokData" time="0.94" classname="com.test.xcdhr.Core_HR_Sense_Check.SetupAddressNOKandQualification.TC002_SetupNextOfKinAndVerify"/>
</testsuite> <!-- Setup NOK -->
