<?xml version="1.0" encoding="UTF-8"?>
<!-- Generated by org.testng.reporters.JUnitXMLReporter -->
<testsuite hostname="DESKTOP-ICBR68V" ignored="0" name="Setup personal address" tests="4" failures="0" timestamp="20 Apr 2018 08:55:49 GMT" time="83.913" errors="0">
  <testcase name="loginAndClickMyDetail" time="26.48" classname="com.test.xcdhr.Core_HR_Sense_Check.SetupAddressNOKandQualification.TC001_SetupPersonalAddressAndVerify"/>
  <testcase name="verifyAddressButtonAndClick" time="11.276" classname="com.test.xcdhr.Core_HR_Sense_Check.SetupAddressNOKandQualification.TC001_SetupPersonalAddressAndVerify"/>
  <testcase name="setupPersonalAddress" time="34.552" classname="com.test.xcdhr.Core_HR_Sense_Check.SetupAddressNOKandQualification.TC001_SetupPersonalAddressAndVerify"/>
  <testcase name="getPersonalData" time="1.693" classname="com.test.xcdhr.Core_HR_Sense_Check.SetupAddressNOKandQualification.TC001_SetupPersonalAddressAndVerify"/>
</testsuite> <!-- Setup personal address -->
